<?xml version="1.0" encoding="UTF-8" ?>
<testsuite errors="0" failures="0" hostname="kite-laptop" name="testing.DiagramTest" tests="9" time="1.775" timestamp="2012-05-09T02:43:20">
  <properties>
[...]
</properties>
  <testcase classname="testing.DiagramTest" name="testInvalidInput" time="0.008" />
  <testcase classname="testing.DiagramTest" name="testValidLongSimulation" time="0.018" />
  <testcase classname="testing.DiagramTest" name="testEndState" time="0.005" />
  <testcase classname="testing.DiagramTest" name="testBadFSM1" time="0.002" />
  <testcase classname="testing.DiagramTest" name="testBadFSM2" time="0.002" />
  <testcase classname="testing.DiagramTest" name="testBadFSM3" time="0.002" />
  <testcase classname="testing.DiagramTest" name="testBadFSM4" time="0.003" />
  <testcase classname="testing.DiagramTest" name="testBadFSM5" time="0.003" />
  <testcase classname="testing.DiagramTest" name="testBadFSM6" time="0.002" />
  <system-out><![CDATA[]]></system-out>
  <system-err><![CDATA[]]></system-err>
</testsuite>
